This is pdfTeX, Version 3.141592653-2.6-1.40.27 (TeX Live 2025) (preloaded format=pdflatex 2025.9.15)  29 OCT 2025 13:50
entering extended mode
 restricted \write18 enabled.
 file:line:error style messages enabled.
 %&-line parsing enabled.
**inception_group4.tex
(./inception_group4.tex
LaTeX2e <2024-11-01> patch level 2
L3 programming layer <2025-01-18>
(/usr/local/texlive/2025/texmf-dist/tex/latex/base/article.cls
Document Class: article 2024/06/29 v1.4n Standard LaTeX document class
(/usr/local/texlive/2025/texmf-dist/tex/latex/base/size12.clo
File: size12.clo 2024/06/29 v1.4n Standard LaTeX file (size option)
)
\c@part=\count196
\c@section=\count197
\c@subsection=\count198
\c@subsubsection=\count199
\c@paragraph=\count266
\c@subparagraph=\count267
\c@figure=\count268
\c@table=\count269
\abovecaptionskip=\skip49
\belowcaptionskip=\skip50
\bibindent=\dimen141
)
(/usr/local/texlive/2025/texmf-dist/tex/latex/geometry/geometry.sty
Package: geometry 2020/01/02 v5.9 Page Geometry

(/usr/local/texlive/2025/texmf-dist/tex/latex/graphics/keyval.sty
Package: keyval 2022/05/29 v1.15 key=value parser (DPC)
\KV@toks@=\toks17
)
(/usr/local/texlive/2025/texmf-dist/tex/generic/iftex/ifvtex.sty
Package: ifvtex 2019/10/25 v1.7 ifvtex legacy package. Use iftex instead.

(/usr/local/texlive/2025/texmf-dist/tex/generic/iftex/iftex.sty
Package: iftex 2024/12/12 v1.0g TeX engine tests
))
\Gm@cnth=\count270
\Gm@cntv=\count271
\c@Gm@tempcnt=\count272
\Gm@bindingoffset=\dimen142
\Gm@wd@mp=\dimen143
\Gm@odd@mp=\dimen144
\Gm@even@mp=\dimen145
\Gm@layoutwidth=\dimen146
\Gm@layoutheight=\dimen147
\Gm@layouthoffset=\dimen148
\Gm@layoutvoffset=\dimen149
\Gm@dimlist=\toks18
)
(/usr/local/texlive/2025/texmf-dist/tex/latex/titlesec/titlesec.sty
Package: titlesec 2025/01/04 v2.17 Sectioning titles
\ttl@box=\box52
\beforetitleunit=\skip51
\aftertitleunit=\skip52
\ttl@plus=\dimen150
\ttl@minus=\dimen151
\ttl@toksa=\toks19
\titlewidth=\dimen152
\titlewidthlast=\dimen153
\titlewidthfirst=\dimen154
)
(/usr/local/texlive/2025/texmf-dist/tex/latex/enumitem/enumitem.sty
Package: enumitem 2025/02/06 v3.11 Customized lists
\labelindent=\skip53
\enit@outerparindent=\dimen155
\enit@toks=\toks20
\enit@inbox=\box53
\enit@count@id=\count273
\enitdp@description=\count274
)
(/usr/local/texlive/2025/texmf-dist/tex/latex/psnfss/helvet.sty
Package: helvet 2020/03/25 PSNFSS-v9.3 (WaS) 
)
(/usr/local/texlive/2025/texmf-dist/tex/latex/setspace/setspace.sty
Package: setspace 2022/12/04 v6.7b set line spacing
)
LaTeX Font Info:    Trying to load font information for OT1+phv on input line 1
8.

(/usr/local/texlive/2025/texmf-dist/tex/latex/psnfss/ot1phv.fd
File: ot1phv.fd 2020/03/25 scalable font definitions for OT1/phv.
)
(/usr/local/texlive/2025/texmf-dist/tex/latex/l3backend/l3backend-pdftex.def
File: l3backend-pdftex.def 2024-05-08 L3 backend support: PDF output (pdfTeX)
\l__color_backend_stack_int=\count275
\l__pdf_internal_box=\box54
)
(./inception_group4.aux)
\openout1 = `inception_group4.aux'.

LaTeX Font Info:    Checking defaults for OML/cmm/m/it on input line 18.
LaTeX Font Info:    ... okay on input line 18.
LaTeX Font Info:    Checking defaults for OMS/cmsy/m/n on input line 18.
LaTeX Font Info:    ... okay on input line 18.
LaTeX Font Info:    Checking defaults for OT1/cmr/m/n on input line 18.
LaTeX Font Info:    ... okay on input line 18.
LaTeX Font Info:    Checking defaults for T1/cmr/m/n on input line 18.
LaTeX Font Info:    ... okay on input line 18.
LaTeX Font Info:    Checking defaults for TS1/cmr/m/n on input line 18.
LaTeX Font Info:    ... okay on input line 18.
LaTeX Font Info:    Checking defaults for OMX/cmex/m/n on input line 18.
LaTeX Font Info:    ... okay on input line 18.
LaTeX Font Info:    Checking defaults for U/cmr/m/n on input line 18.
LaTeX Font Info:    ... okay on input line 18.

*geometry* driver: auto-detecting
*geometry* detected driver: pdftex
*geometry* verbose mode - [ preamble ] result:
* driver: pdftex
* paper: a4paper
* layout: <same size as paper>
* layoutoffset:(h,v)=(0.0pt,0.0pt)
* modes: 
* h-part:(L,W,R)=(72.26999pt, 452.9679pt, 72.26999pt)
* v-part:(T,H,B)=(72.26999pt, 700.50687pt, 72.26999pt)
* \paperwidth=597.50787pt
* \paperheight=845.04684pt
* \textwidth=452.9679pt
* \textheight=700.50687pt
* \oddsidemargin=0.0pt
* \evensidemargin=0.0pt
* \topmargin=-37.0pt
* \headheight=12.0pt
* \headsep=25.0pt
* \topskip=12.0pt
* \footskip=30.0pt
* \marginparwidth=35.0pt
* \marginparsep=10.0pt
* \columnsep=10.0pt
* \skip\footins=10.8pt plus 4.0pt minus 2.0pt
* \hoffset=0.0pt
* \voffset=0.0pt
* \mag=1000
* \@twocolumnfalse
* \@twosidefalse
* \@mparswitchfalse
* \@reversemarginfalse
* (1in=72.27pt=25.4mm, 1cm=28.453pt)

LaTeX Font Info:    External font `cmex10' loaded for size
(Font)              <14.4> on input line 19.
LaTeX Font Info:    External font `cmex10' loaded for size
(Font)              <7> on input line 19.
LaTeX Font Info:    Trying to load font information for TS1+phv on input line 2
8.
(/usr/local/texlive/2025/texmf-dist/tex/latex/psnfss/ts1phv.fd
File: ts1phv.fd 2020/03/25 scalable font definitions for TS1/phv.
)

[1

{/usr/local/texlive/2025/texmf-var/fonts/map/pdftex/updmap/pdftex.map}{/usr/loc
al/texlive/2025/texmf-dist/fonts/enc/dvips/base/8r.enc}]
LaTeX Font Info:    Font shape `OT1/phv/b/it' in size <14.4> not available
(Font)              Font shape `OT1/phv/b/sl' tried instead on input line 93.


[2]

[3]

[4]
LaTeX Font Info:    External font `cmex10' loaded for size
(Font)              <12> on input line 183.
LaTeX Font Info:    External font `cmex10' loaded for size
(Font)              <8> on input line 183.
LaTeX Font Info:    External font `cmex10' loaded for size
(Font)              <6> on input line 183.


[5]
Overfull \hbox (46.56776pt too wide) in paragraph at lines 222--223
[]\OT1/phv/m/n/12 Keep im-ages op-ti-mized and ap-pro-pri-ately named (e.g., \O
T1/cmtt/m/n/12 arcade[]pong.png\OT1/phv/m/n/12 , \OT1/cmtt/m/n/12 hd[]games.jpg
\OT1/phv/m/n/12 ). 
 []


Overfull \hbox (16.63074pt too wide) in paragraph at lines 242--243
[]\OT1/phv/m/n/12 Keep com-mits small and fre-quent|avoid up-load-ing many un-r
e-lated changes
 []



[6]

[7]
Overfull \hbox (46.70851pt too wide) in paragraph at lines 281--290
[][] 
 []

LaTeX Font Info:    Font shape `OT1/phv/m/it' in size <12> not available
(Font)              Font shape `OT1/phv/m/sl' tried instead on input line 294.


[8]
Overfull \hbox (3.72963pt too wide) in paragraph at lines 331--332
[]\OT1/phv/b/n/12 CSS Lead-ers: \OT1/phv/m/n/12 Man-age the styling and main-ta
in a con-sis-tent vi-sual theme.
 []



[9]

[10]

[11]
Underfull \hbox (badness 1888) in paragraph at lines 394--395
[]\OT1/phv/m/n/12 Group Lead-ers, Git
 []


Underfull \hbox (badness 1442) in paragraph at lines 399--400
[]\OT1/phv/m/n/12 Write and build HTML struc-tures for
 []


Underfull \hbox (badness 1521) in paragraph at lines 406--406
\OT1/phv/b/n/12 to-ber (over-
 []


Underfull \hbox (badness 10000) in paragraph at lines 421--422
[]\OT1/phv/m/n/12 Git Leader, CSS
 []


Underfull \hbox (badness 10000) in paragraph at lines 421--422
\OT1/phv/m/n/12 Lead-ers, Group
 []


Underfull \hbox (badness 10000) in paragraph at lines 424--424
[]\OT1/phv/b/n/12 4 - 10
 []


Underfull \hbox (badness 10000) in paragraph at lines 424--424
\OT1/phv/b/n/12 Novem-
 []


Overfull \hbox (29.74026pt too wide) in paragraph at lines 384--433
 [] 
 []



[12]

./inception_group4.tex:442: LaTeX Error: \begin{itemize} on input line 219 ende
d by \end{document}.

See the LaTeX manual or LaTeX Companion for explanation.
Type  H <return>  for immediate help.
 ...                                              
                                                  
l.442 \end{document}
                    
? 


[13] (./inception_group4.aux)
 ***********
LaTeX2e <2024-11-01> patch level 2
L3 programming layer <2025-01-18>
 ***********
 )
(\end occurred inside a group at level 1)

### semi simple group (level 1) entered at line 219 (\begingroup)
### bottom level 
Here is how much of TeX's memory you used:
 1889 strings out of 473190
 31142 string characters out of 5715800
 438859 words of memory out of 5000000
 25163 multiletter control sequences out of 15000+600000
 577877 words of font info for 68 fonts, out of 8000000 for 9000
 1141 hyphenation exceptions out of 8191
 57i,9n,65p,354b,486s stack positions out of 10000i,1000n,20000p,200000b,200000s
</usr/local/texlive/2025/texmf-dist/fonts/type1/public/amsfonts
/cm/cmtt12.pfb></usr/local/texlive/2025/texmf-dist/fonts/type1/urw/helvetic/uhv
b8a.pfb></usr/local/texlive/2025/texmf-dist/fonts/type1/urw/helvetic/uhvbo8a.pf
b></usr/local/texlive/2025/texmf-dist/fonts/type1/urw/helvetic/uhvr8a.pfb></usr
/local/texlive/2025/texmf-dist/fonts/type1/urw/helvetic/uhvro8a.pfb>
Output written on inception_group4.pdf (13 pages, 62747 bytes).
PDF statistics:
 73 PDF objects out of 1000 (max. 8388607)
 47 compressed objects within 1 object stream
 0 named destinations out of 1000 (max. 500000)
 1 words of extra memory for PDF output out of 10000 (max. 10000000)

